povray: This is a RELEASE CANDIDATE version of POV-Ray. General distribution is discouraged.
povray: cannot open the user configuration file /home/ubuntu/.povray/3.7/povray.conf: No such file or directory
Persistence of Vision(tm) Ray Tracer Version 3.7.0.RC6 (g++ 4.6 @
 x86_64-unknown-linux-gnu)
This is a release candidate of POV-Ray version 3.7.0.
General distribution is strongly discouraged.

POV-Ray is based on DKBTrace 2.12 by David K. Buck & Aaron A. Collins
Copyright 1991-2003 Persistence of Vision Team
Copyright 2003-2011 Persistence of Vision Raytracer Pty. Ltd.

Primary POV-Ray 3.7 Architects/Developers: (Alphabetically)
  Chris Cason         Thorsten Froehlich  Christoph Lipka   

With Assistance From: (Alphabetically)
  Nicolas Calimet     James Holsenback    Christoph Hormann   Nathan Kopp       
  Juha Nieminen     

Past Contributors: (Alphabetically)
  Steve Anger         Eric Barish         Dieter Bayer        David K. Buck     
  Nicolas Calimet     Chris Cason         Aaron A. Collins    Chris Dailey      
  Steve Demlow        Andreas Dilger      Alexander Enzmann   Dan Farmer        
  Thorsten Froehlich  Mark Gordon         James Holsenback    Christoph Hormann 
  Mike Hough          Chris Huff          Kari Kivisalo       Nathan Kopp       
  Lutz Kretzschmar    Christoph Lipka     Jochen Lippert      Pascal Massimino  
  Jim McElhiney       Douglas Muir        Juha Nieminen       Ron Parker        
  Bill Pulver         Eduard Schwan       Wlodzimierz Skiba   Robert Skinner    
  Yvo Smellenbergh    Zsolt Szalavari     Scott Taylor        Massimo Valentini 
  Timothy Wegner      Drew Wells          Chris Young       

Other contributors are listed in the documentation.

Support libraries used by POV-Ray:
  ZLib 1.2.3.4, Copyright 1995-1998 Jean-loup Gailly and Mark Adler
  LibPNG 1.2.46, Copyright 1998-2002 Glenn Randers-Pehrson
  LibJPEG 80, Copyright 1998 Thomas G. Lane
  LibTIFF 3.9.5, Copyright 1988-1997 Sam Leffler, 1991-1997 SGI
  Boost 1.46, http://www.boost.org/

Parser Options
  Input file: frame034.pov
  Remove bounds........On 
  Split unions.........Off
  Library paths:
    /usr/local/share/povray-3.7
    /usr/local/share/povray-3.7/ini
    /usr/local/share/povray-3.7/include
  Clock value:    0.000  (Animation off)
Image Output Options
  Image resolution.....500 by 500 (rows 1 to 500, columns 1 to 500).
  Output file..........frame034.png, 24 bpp PNG
  Dithering............Off
  Graphic display......Off
  Mosaic preview.......Off
  Continued trace......Off
Information Output Options
  All Streams to console..........On 
  Debug Stream to console.........On 
  Fatal Stream to console.........On 
  Render Stream to console........On 
  Statistics Stream to console....On 
  Warning Stream to console.......On 
==== [Parsing...] ==========================================================
computing 1000x500 height field...


0% completed
0% completed
1% completed
1% completed
1% completed
1% completed
1% completed
2% completed
2% completed
Parsing 4269K tokens
2% completed
2% completed
2% completed
3% completed
3% completed
3% completed
3% completed
3% completed
4% completed
4% completed
Parsing 8560K tokens
4% completed
4% completed
4% completed
5% completed
5% completed
5% completed
5% completed
5% completed
6% completed
6% completed
Parsing 12865K tokens
6% completed
6% completed
6% completed
7% completed
7% completed
7% completed
7% completed
7% completed
8% completed
8% completed
Parsing 17179K tokens
8% completed
8% completed
8% completed
9% completed
9% completed
9% completed
9% completed
9% completed
10% completed
10% completed
Parsing 21493K tokens
10% completed
10% completed
10% completed
11% completed
11% completed
11% completed
11% completed
11% completed
12% completed
Parsing 25815K tokens
12% completed
12% completed
12% completed
12% completed
13% completed
13% completed
13% completed
13% completed
13% completed
14% completed
Parsing 30129K tokens
14% completed
14% completed
14% completed
14% completed
15% completed
15% completed
15% completed
15% completed
15% completed
16% completed
Parsing 34443K tokens
16% completed
16% completed
16% completed
16% completed
17% completed
17% completed
17% completed
17% completed
17% completed
Parsing 38770K tokens
18% completed
18% completed
18% completed
18% completed
18% completed
19% completed
19% completed
19% completed
19% completed
Parsing 43099K tokens
19% completed
20% completed
20% completed
20% completed
20% completed
20% completed
21% completed
21% completed
21% completed
Parsing 47441K tokens
21% completed
21% completed
22% completed
22% completed
22% completed
22% completed
22% completed
23% completed
23% completed
Parsing 51748K tokens
23% completed
23% completed
23% completed
24% completed
24% completed
24% completed
24% completed
24% completed
Parsing 56112K tokens
25% completed
25% completed
25% completed
25% completed
25% completed
26% completed
26% completed
26% completed
Parsing 60474K tokens
26% completed
26% completed
27% completed
27% completed
27% completed
27% completed
27% completed
28% completed
Parsing 64838K tokens
28% completed
28% completed
28% completed
28% completed
29% completed
29% completed
29% completed
29% completed
Parsing 69202K tokens
29% completed
30% completed
30% completed
30% completed
30% completed
30% completed
31% completed
31% completed
Parsing 73576K tokens
31% completed
31% completed
31% completed
32% completed
32% completed
32% completed
32% completed
Parsing 77943K tokens
32% completed
33% completed
33% completed
33% completed
33% completed
33% completed
34% completed
Parsing 82345K tokens
34% completed
34% completed
34% completed
34% completed
35% completed
35% completed
Parsing 86757K tokens
35% completed
35% completed
35% completed
36% completed
36% completed
Parsing 91196K tokens
36% completed
36% completed
36% completed
37% completed
37% completed
Parsing 95635K tokens
37% completed
37% completed
37% completed
38% completed
38% completed
Parsing 100087K tokens
38% completed
38% completed
38% completed
39% completed
39% completed
Parsing 104541K tokens
39% completed
39% completed
39% completed
40% completed
Parsing 109013K tokens
40% completed
40% completed
40% completed
40% completed
Parsing 113495K tokens
41% completed
41% completed
41% completed
41% completed
Parsing 117972K tokens
41% completed
42% completed
42% completed
Parsing 122243K tokens
42% completed
42% completed
42% completed
43% completed
Parsing 126635K tokens
43% completed
43% completed
43% completed
Parsing 131114K tokens
43% completed
44% completed
44% completed
44% completed
Parsing 135584K tokens
44% completed
44% completed
45% completed
Parsing 140078K tokens
45% completed
45% completed
45% completed
45% completed
Parsing 144567K tokens
46% completed
46% completed
46% completed
Parsing 149057K tokens
46% completed
46% completed
47% completed
47% completed
Parsing 153543K tokens
47% completed
47% completed
47% completed
Parsing 158035K tokens
48% completed
48% completed
48% completed
48% completed
Parsing 162512K tokens
48% completed
49% completed
49% completed
Parsing 166984K tokens
49% completed
49% completed
49% completed
50% completed
Parsing 171461K tokens
50% completed
50% completed
50% completed
Parsing 175950K tokens
50% completed
51% completed
51% completed
Parsing 180437K tokens
51% completed
51% completed
51% completed
52% completed
Parsing 184926K tokens
52% completed
52% completed
52% completed
Parsing 189368K tokens
52% completed
53% completed
53% completed
53% completed
Parsing 193842K tokens
53% completed
53% completed
54% completed
Parsing 198329K tokens
54% completed
54% completed
54% completed
54% completed
Parsing 202806K tokens
55% completed
55% completed
55% completed
Parsing 207297K tokens
55% completed
55% completed
56% completed
56% completed
Parsing 211764K tokens
56% completed
56% completed
56% completed
Parsing 216258K tokens
57% completed
57% completed
57% completed
57% completed
Parsing 220743K tokens
57% completed
58% completed
58% completed
Parsing 225235K tokens
58% completed
58% completed
58% completed
59% completed
Parsing 229714K tokens
59% completed
59% completed
59% completed
59% completed
Parsing 234196K tokens
60% completed
60% completed
60% completed
60% completed
Parsing 238670K tokens
60% completed
61% completed
61% completed
61% completed
Parsing 243144K tokens
61% completed
61% completed
62% completed
62% completed
62% completed
Parsing 247596K tokens
62% completed
62% completed
63% completed
63% completed
63% completed
Parsing 252043K tokens
63% completed
63% completed
64% completed
64% completed
64% completed
Parsing 256470K tokens
64% completed
64% completed
65% completed
65% completed
65% completed
65% completed
Parsing 260844K tokens
65% completed
66% completed
66% completed
66% completed
66% completed
66% completed
Parsing 265253K tokens
67% completed
67% completed
67% completed
67% completed
67% completed
68% completed
68% completed
Parsing 269647K tokens
68% completed
68% completed
68% completed
69% completed
69% completed
69% completed
69% completed
Parsing 274024K tokens
69% completed
70% completed
70% completed
70% completed
70% completed
70% completed
71% completed
71% completed
Parsing 278383K tokens
71% completed
71% completed
71% completed
72% completed
72% completed
72% completed
72% completed
72% completed
Parsing 282733K tokens
73% completed
73% completed
73% completed
73% completed
73% completed
74% completed
74% completed
74% completed
Parsing 287084K tokens
74% completed
74% completed
75% completed
75% completed
75% completed
75% completed
75% completed
76% completed
Parsing 291449K tokens
76% completed
76% completed
76% completed
76% completed
77% completed
77% completed
77% completed
77% completed
Parsing 295813K tokens
77% completed
78% completed
78% completed
