povray: This is a RELEASE CANDIDATE version of POV-Ray. General distribution is discouraged.
povray: cannot open the user configuration file /home/ubuntu/.povray/3.7/povray.conf: No such file or directory
Persistence of Vision(tm) Ray Tracer Version 3.7.0.RC6 (g++ 4.6 @
 x86_64-unknown-linux-gnu)
This is a release candidate of POV-Ray version 3.7.0.
General distribution is strongly discouraged.

POV-Ray is based on DKBTrace 2.12 by David K. Buck & Aaron A. Collins
Copyright 1991-2003 Persistence of Vision Team
Copyright 2003-2011 Persistence of Vision Raytracer Pty. Ltd.

Primary POV-Ray 3.7 Architects/Developers: (Alphabetically)
  Chris Cason         Thorsten Froehlich  Christoph Lipka   

With Assistance From: (Alphabetically)
  Nicolas Calimet     James Holsenback    Christoph Hormann   Nathan Kopp       
  Juha Nieminen     

Past Contributors: (Alphabetically)
  Steve Anger         Eric Barish         Dieter Bayer        David K. Buck     
  Nicolas Calimet     Chris Cason         Aaron A. Collins    Chris Dailey      
  Steve Demlow        Andreas Dilger      Alexander Enzmann   Dan Farmer        
  Thorsten Froehlich  Mark Gordon         James Holsenback    Christoph Hormann 
  Mike Hough          Chris Huff          Kari Kivisalo       Nathan Kopp       
  Lutz Kretzschmar    Christoph Lipka     Jochen Lippert      Pascal Massimino  
  Jim McElhiney       Douglas Muir        Juha Nieminen       Ron Parker        
  Bill Pulver         Eduard Schwan       Wlodzimierz Skiba   Robert Skinner    
  Yvo Smellenbergh    Zsolt Szalavari     Scott Taylor        Massimo Valentini 
  Timothy Wegner      Drew Wells          Chris Young       

Other contributors are listed in the documentation.

Support libraries used by POV-Ray:
  ZLib 1.2.3.4, Copyright 1995-1998 Jean-loup Gailly and Mark Adler
  LibPNG 1.2.46, Copyright 1998-2002 Glenn Randers-Pehrson
  LibJPEG 80, Copyright 1998 Thomas G. Lane
  LibTIFF 3.9.5, Copyright 1988-1997 Sam Leffler, 1991-1997 SGI
  Boost 1.46, http://www.boost.org/

Parser Options
  Input file: frame039.pov
  Remove bounds........On 
  Split unions.........Off
  Library paths:
    /usr/local/share/povray-3.7
    /usr/local/share/povray-3.7/ini
    /usr/local/share/povray-3.7/include
  Clock value:    0.000  (Animation off)
Image Output Options
  Image resolution.....500 by 500 (rows 1 to 500, columns 1 to 500).
  Output file..........frame039.png, 24 bpp PNG
  Dithering............Off
  Graphic display......Off
  Mosaic preview.......Off
  Continued trace......Off
Information Output Options
  All Streams to console..........On 
  Debug Stream to console.........On 
  Fatal Stream to console.........On 
  Render Stream to console........On 
  Statistics Stream to console....On 
  Warning Stream to console.......On 
==== [Parsing...] ==========================================================
computing 1000x500 height field...


0% completed
0% completed
1% completed
1% completed
1% completed
1% completed
1% completed
2% completed
2% completed
Parsing 4301K tokens
2% completed
2% completed
2% completed
3% completed
3% completed
3% completed
3% completed
3% completed
4% completed
4% completed
Parsing 8643K tokens
4% completed
4% completed
4% completed
5% completed
5% completed
5% completed
5% completed
5% completed
6% completed
6% completed
Parsing 12985K tokens
6% completed
6% completed
6% completed
7% completed
7% completed
7% completed
7% completed
7% completed
8% completed
8% completed
Parsing 17299K tokens
8% completed
8% completed
8% completed
9% completed
9% completed
9% completed
9% completed
9% completed
10% completed
10% completed
Parsing 21631K tokens
10% completed
10% completed
10% completed
11% completed
11% completed
11% completed
11% completed
11% completed
12% completed
12% completed
Parsing 25965K tokens
12% completed
12% completed
12% completed
13% completed
13% completed
13% completed
13% completed
13% completed
14% completed
Parsing 30294K tokens
14% completed
14% completed
14% completed
14% completed
15% completed
15% completed
15% completed
15% completed
15% completed
16% completed
Parsing 34626K tokens
16% completed
16% completed
16% completed
16% completed
17% completed
17% completed
17% completed
17% completed
17% completed
Parsing 38983K tokens
18% completed
18% completed
18% completed
18% completed
18% completed
19% completed
19% completed
19% completed
19% completed
19% completed
Parsing 43339K tokens
20% completed
20% completed
20% completed
20% completed
20% completed
21% completed
21% completed
21% completed
21% completed
Parsing 47706K tokens
21% completed
22% completed
22% completed
22% completed
22% completed
22% completed
23% completed
23% completed
Parsing 52083K tokens
23% completed
23% completed
23% completed
24% completed
24% completed
24% completed
24% completed
24% completed
Parsing 56475K tokens
25% completed
25% completed
25% completed
25% completed
25% completed
26% completed
26% completed
26% completed
Parsing 60866K tokens
26% completed
26% completed
27% completed
27% completed
27% completed
27% completed
27% completed
28% completed
28% completed
Parsing 65251K tokens
28% completed
28% completed
28% completed
29% completed
29% completed
29% completed
29% completed
29% completed
Parsing 69640K tokens
30% completed
30% completed
30% completed
30% completed
30% completed
31% completed
31% completed
Parsing 74037K tokens
31% completed
31% completed
31% completed
32% completed
32% completed
32% completed
32% completed
32% completed
Parsing 78446K tokens
33% completed
33% completed
33% completed
33% completed
33% completed
34% completed
Parsing 82873K tokens
34% completed
34% completed
34% completed
34% completed
35% completed
35% completed
Parsing 87312K tokens
35% completed
35% completed
35% completed
36% completed
36% completed
36% completed
Parsing 91759K tokens
36% completed
36% completed
37% completed
37% completed
37% completed
Parsing 96230K tokens
37% completed
37% completed
38% completed
38% completed
38% completed
Parsing 100702K tokens
38% completed
38% completed
39% completed
39% completed
39% completed
Parsing 105182K tokens
39% completed
39% completed
40% completed
40% completed
Parsing 109671K tokens
40% completed
40% completed
40% completed
41% completed
Parsing 114170K tokens
41% completed
41% completed
41% completed
Parsing 118682K tokens
41% completed
42% completed
42% completed
42% completed
Parsing 123189K tokens
42% completed
42% completed
43% completed
43% completed
Parsing 127696K tokens
43% completed
43% completed
43% completed
Parsing 132207K tokens
44% completed
44% completed
44% completed
44% completed
Parsing 136709K tokens
44% completed
45% completed
45% completed
Parsing 141223K tokens
45% completed
45% completed
45% completed
46% completed
Parsing 145733K tokens
46% completed
46% completed
46% completed
Parsing 150247K tokens
46% completed
47% completed
47% completed
47% completed
Parsing 154749K tokens
47% completed
47% completed
48% completed
Parsing 159268K tokens
48% completed
48% completed
48% completed
48% completed
Parsing 163777K tokens
49% completed
49% completed
49% completed
Parsing 168302K tokens
49% completed
49% completed
50% completed
50% completed
Parsing 172811K tokens
50% completed
50% completed
50% completed
Parsing 177333K tokens
51% completed
51% completed
51% completed
Parsing 181852K tokens
51% completed
51% completed
52% completed
52% completed
Parsing 186357K tokens
52% completed
52% completed
52% completed
Parsing 190873K tokens
53% completed
53% completed
53% completed
53% completed
Parsing 195380K tokens
53% completed
54% completed
54% completed
Parsing 199892K tokens
54% completed
54% completed
54% completed
55% completed
Parsing 204404K tokens
55% completed
